<?xml version="1.0" encoding="UTF-8"?>
<testsuite name="digitalbank.DigitalBankApplicationTests" tests="1" skipped="0" failures="0" errors="0" timestamp="2021-07-29T01:54:39" hostname="MacBook-Air-de-Maiara.local" time="0.357">
  <properties/>
  <testcase name="contextLoads()" classname="digitalbank.DigitalBankApplicationTests" time="0.357"/>
  <system-out><![CDATA[22:54:32.882 [Test worker] DEBUG org.springframework.test.context.BootstrapUtils - Instantiating CacheAwareContextLoaderDelegate from class [org.springframework.test.context.cache.DefaultCacheAwareContextLoaderDelegate]
22:54:32.893 [Test worker] DEBUG org.springframework.test.context.BootstrapUtils - Instantiating BootstrapContext using constructor [public org.springframework.test.context.support.DefaultBootstrapContext(java.lang.Class,org.springframework.test.context.CacheAwareContextLoaderDelegate)]
22:54:32.943 [Test worker] DEBUG org.springframework.test.context.BootstrapUtils - Instantiating TestContextBootstrapper for test class [digitalbank.DigitalBankApplicationTests] from class [org.springframework.boot.test.context.SpringBootTestContextBootstrapper]
22:54:32.955 [Test worker] INFO org.springframework.boot.test.context.SpringBootTestContextBootstrapper - Neither @ContextConfiguration nor @ContextHierarchy found for test class [digitalbank.DigitalBankApplicationTests], using SpringBootContextLoader
22:54:32.958 [Test worker] DEBUG org.springframework.test.context.support.AbstractContextLoader - Did not detect default resource location for test class [digitalbank.DigitalBankApplicationTests]: class path resource [digitalbank/DigitalBankApplicationTests-context.xml] does not exist
22:54:32.959 [Test worker] DEBUG org.springframework.test.context.support.AbstractContextLoader - Did not detect default resource location for test class [digitalbank.DigitalBankApplicationTests]: class path resource [digitalbank/DigitalBankApplicationTestsContext.groovy] does not exist
22:54:32.960 [Test worker] INFO org.springframework.test.context.support.AbstractContextLoader - Could not detect default resource locations for test class [digitalbank.DigitalBankApplicationTests]: no resource found for suffixes {-context.xml, Context.groovy}.
22:54:32.960 [Test worker] INFO org.springframework.test.context.support.AnnotationConfigContextLoaderUtils - Could not detect default configuration classes for test class [digitalbank.DigitalBankApplicationTests]: DigitalBankApplicationTests does not declare any static, non-private, non-final, nested classes annotated with @Configuration.
22:54:33.033 [Test worker] DEBUG org.springframework.test.context.support.ActiveProfilesUtils - Could not find an 'annotation declaring class' for annotation type [org.springframework.test.context.ActiveProfiles] and class [digitalbank.DigitalBankApplicationTests]
22:54:33.097 [Test worker] DEBUG org.springframework.context.annotation.ClassPathScanningCandidateComponentProvider - Identified candidate component class: file [/Users/maiaramendes/digital-bank/build/classes/java/main/digitalbank/DigitalBankApplication.class]
22:54:33.099 [Test worker] INFO org.springframework.boot.test.context.SpringBootTestContextBootstrapper - Found @SpringBootConfiguration digitalbank.DigitalBankApplication for test class digitalbank.DigitalBankApplicationTests
22:54:33.175 [Test worker] DEBUG org.springframework.boot.test.context.SpringBootTestContextBootstrapper - @TestExecutionListeners is not present for class [digitalbank.DigitalBankApplicationTests]: using defaults.
22:54:33.176 [Test worker] INFO org.springframework.boot.test.context.SpringBootTestContextBootstrapper - Loaded default TestExecutionListener class names from location [META-INF/spring.factories]: [org.springframework.security.test.context.support.WithSecurityContextTestExecutionListener, org.springframework.security.test.context.support.ReactorContextTestExecutionListener, org.springframework.boot.test.autoconfigure.restdocs.RestDocsTestExecutionListener, org.springframework.boot.test.autoconfigure.web.client.MockRestServiceServerResetTestExecutionListener, org.springframework.boot.test.autoconfigure.web.servlet.MockMvcPrintOnlyOnFailureTestExecutionListener, org.springframework.boot.test.autoconfigure.web.servlet.WebDriverTestExecutionListener, org.springframework.boot.test.autoconfigure.webservices.client.MockWebServiceServerTestExecutionListener, org.springframework.boot.test.mock.mockito.MockitoTestExecutionListener, org.springframework.boot.test.mock.mockito.ResetMocksTestExecutionListener, org.springframework.test.context.web.ServletTestExecutionListener, org.springframework.test.context.support.DirtiesContextBeforeModesTestExecutionListener, org.springframework.test.context.event.ApplicationEventsTestExecutionListener, org.springframework.test.context.support.DependencyInjectionTestExecutionListener, org.springframework.test.context.support.DirtiesContextTestExecutionListener, org.springframework.test.context.transaction.TransactionalTestExecutionListener, org.springframework.test.context.jdbc.SqlScriptsTestExecutionListener, org.springframework.test.context.event.EventPublishingTestExecutionListener]
22:54:33.208 [Test worker] INFO org.springframework.boot.test.context.SpringBootTestContextBootstrapper - Using TestExecutionListeners: [org.springframework.test.context.web.ServletTestExecutionListener@735a52f5, org.springframework.test.context.support.DirtiesContextBeforeModesTestExecutionListener@3041f5eb, org.springframework.test.context.event.ApplicationEventsTestExecutionListener@2a0ee823, org.springframework.boot.test.mock.mockito.MockitoTestExecutionListener@7df8c6cf, org.springframework.boot.test.autoconfigure.SpringBootDependencyInjectionTestExecutionListener@5c94ee7f, org.springframework.test.context.support.DirtiesContextTestExecutionListener@63c5a6ab, org.springframework.test.context.transaction.TransactionalTestExecutionListener@3ed70500, org.springframework.test.context.jdbc.SqlScriptsTestExecutionListener@52262ab, org.springframework.security.test.context.support.WithSecurityContextTestExecutionListener@7e3e8366, org.springframework.test.context.event.EventPublishingTestExecutionListener@300082f4, org.springframework.security.test.context.support.ReactorContextTestExecutionListener@36f96ef1, org.springframework.boot.test.autoconfigure.restdocs.RestDocsTestExecutionListener@205875bf, org.springframework.boot.test.autoconfigure.web.client.MockRestServiceServerResetTestExecutionListener@2af7e761, org.springframework.boot.test.autoconfigure.web.servlet.MockMvcPrintOnlyOnFailureTestExecutionListener@1e54c7e9, org.springframework.boot.test.autoconfigure.web.servlet.WebDriverTestExecutionListener@63a7ac34, org.springframework.boot.test.autoconfigure.webservices.client.MockWebServiceServerTestExecutionListener@b1d872, org.springframework.boot.test.mock.mockito.ResetMocksTestExecutionListener@1568ebea]
22:54:33.213 [Test worker] DEBUG org.springframework.test.context.support.AbstractDirtiesContextTestExecutionListener - Before test class: context [DefaultTestContext@13651275 testClass = DigitalBankApplicationTests, testInstance = [null], testMethod = [null], testException = [null], mergedContextConfiguration = [WebMergedContextConfiguration@30d6279b testClass = DigitalBankApplicationTests, locations = '{}', classes = '{class digitalbank.DigitalBankApplication}', contextInitializerClasses = '[]', activeProfiles = '{}', propertySourceLocations = '{}', propertySourceProperties = '{org.springframework.boot.test.context.SpringBootTestContextBootstrapper=true}', contextCustomizers = set[org.springframework.boot.test.autoconfigure.actuate.metrics.MetricsExportContextCustomizerFactory$DisableMetricExportContextCustomizer@1abe3da3, org.springframework.boot.test.autoconfigure.properties.PropertyMappingContextCustomizer@0, org.springframework.boot.test.autoconfigure.web.servlet.WebDriverContextCustomizerFactory$Customizer@23f78868, org.springframework.boot.test.context.filter.ExcludeFilterContextCustomizer@670e894f, org.springframework.boot.test.json.DuplicateJsonObjectContextCustomizerFactory$DuplicateJsonObjectContextCustomizer@7d92bc8c, org.springframework.boot.test.mock.mockito.MockitoContextCustomizer@0, org.springframework.boot.test.web.client.TestRestTemplateContextCustomizer@1481b692, org.springframework.boot.test.context.SpringBootTestArgs@1, org.springframework.boot.test.context.SpringBootTestWebEnvironment@5603a9a5], resourceBasePath = 'src/main/webapp', contextLoader = 'org.springframework.boot.test.context.SpringBootContextLoader', parent = [null]], attributes = map['org.springframework.test.context.web.ServletTestExecutionListener.activateListener' -> true]], class annotated with @DirtiesContext [false] with mode [null].
22:54:33.272 [Test worker] DEBUG org.springframework.test.context.support.TestPropertySourceUtils - Adding inlined properties to environment: {spring.jmx.enabled=false, org.springframework.boot.test.context.SpringBootTestContextBootstrapper=true}

  .   ____          _            __ _ _
 /\\ / ___'_ __ _ _(_)_ __  __ _ \ \ \ \
( ( )\___ | '_ | '_| | '_ \/ _` | \ \ \ \
 \\/  ___)| |_)| | | | | || (_| |  ) ) ) )
  '  |____| .__|_| |_|_| |_\__, | / / / /
 =========|_|==============|___/=/_/_/_/
 :: Spring Boot ::                (v2.5.3)

2021-07-28 22:54:33.646  INFO 7389 --- [    Test worker] digitalbank.DigitalBankApplicationTests  : Starting DigitalBankApplicationTests using Java 16.0.1 on MacBook-Air-de-Maiara.local with PID 7389 (started by maiaramendes in /Users/maiaramendes/digital-bank)
2021-07-28 22:54:33.653  INFO 7389 --- [    Test worker] digitalbank.DigitalBankApplicationTests  : No active profile set, falling back to default profiles: default
2021-07-28 22:54:34.897  INFO 7389 --- [    Test worker] .s.d.r.c.RepositoryConfigurationDelegate : Bootstrapping Spring Data JPA repositories in DEFAULT mode.
2021-07-28 22:54:34.916  INFO 7389 --- [    Test worker] .s.d.r.c.RepositoryConfigurationDelegate : Finished Spring Data repository scanning in 11 ms. Found 0 JPA repository interfaces.
2021-07-28 22:54:36.002  INFO 7389 --- [    Test worker] com.zaxxer.hikari.HikariDataSource       : HikariPool-1 - Starting...
2021-07-28 22:54:36.165  INFO 7389 --- [    Test worker] com.zaxxer.hikari.HikariDataSource       : HikariPool-1 - Start completed.
2021-07-28 22:54:36.286  INFO 7389 --- [    Test worker] o.hibernate.jpa.internal.util.LogHelper  : HHH000204: Processing PersistenceUnitInfo [name: default]
2021-07-28 22:54:36.323  INFO 7389 --- [    Test worker] org.hibernate.Version                    : HHH000412: Hibernate ORM core version 5.4.32.Final
2021-07-28 22:54:36.506  INFO 7389 --- [    Test worker] o.hibernate.annotations.common.Version   : HCANN000001: Hibernate Commons Annotations {5.1.2.Final}
2021-07-28 22:54:36.595  INFO 7389 --- [    Test worker] org.hibernate.dialect.Dialect            : HHH000400: Using dialect: org.hibernate.dialect.H2Dialect
2021-07-28 22:54:36.790  INFO 7389 --- [    Test worker] o.h.e.t.j.p.i.JtaPlatformInitiator       : HHH000490: Using JtaPlatform implementation: [org.hibernate.engine.transaction.jta.platform.internal.NoJtaPlatform]
2021-07-28 22:54:36.798  INFO 7389 --- [    Test worker] j.LocalContainerEntityManagerFactoryBean : Initialized JPA EntityManagerFactory for persistence unit 'default'
2021-07-28 22:54:37.215  WARN 7389 --- [    Test worker] JpaBaseConfiguration$JpaWebConfiguration : spring.jpa.open-in-view is enabled by default. Therefore, database queries may be performed during view rendering. Explicitly configure spring.jpa.open-in-view to disable this warning
2021-07-28 22:54:39.370  INFO 7389 --- [    Test worker] .s.s.UserDetailsServiceAutoConfiguration : 

Using generated security password: c5ae211a-fd4b-41ad-9c11-f5721f58f6b0

2021-07-28 22:54:39.655  INFO 7389 --- [    Test worker] o.s.s.web.DefaultSecurityFilterChain     : Will secure any request with [org.springframework.security.web.context.request.async.WebAsyncManagerIntegrationFilter@310c509, org.springframework.security.web.context.SecurityContextPersistenceFilter@49b0c371, org.springframework.security.web.header.HeaderWriterFilter@b2cdd0e, org.springframework.security.web.csrf.CsrfFilter@a8ac895, org.springframework.security.web.authentication.logout.LogoutFilter@77a47996, org.springframework.security.web.authentication.UsernamePasswordAuthenticationFilter@621620cd, org.springframework.security.web.authentication.ui.DefaultLoginPageGeneratingFilter@1a8179f7, org.springframework.security.web.authentication.ui.DefaultLogoutPageGeneratingFilter@7073e9e4, org.springframework.security.web.authentication.www.BasicAuthenticationFilter@763ddd20, org.springframework.security.web.savedrequest.RequestCacheAwareFilter@480ba345, org.springframework.security.web.servletapi.SecurityContextHolderAwareRequestFilter@b1e39bc, org.springframework.security.web.authentication.AnonymousAuthenticationFilter@68bfee17, org.springframework.security.web.session.SessionManagementFilter@794d630, org.springframework.security.web.access.ExceptionTranslationFilter@2120adee, org.springframework.security.web.access.intercept.FilterSecurityInterceptor@2ab7d372]
2021-07-28 22:54:39.894  INFO 7389 --- [    Test worker] digitalbank.DigitalBankApplicationTests  : Started DigitalBankApplicationTests in 6.614 seconds (JVM running for 8.084)
]]></system-out>
  <system-err><![CDATA[]]></system-err>
</testsuite>
