<?xml version="1.0" encoding="UTF-8"?>
<testsuite name="digitalbank.DigitalBankApplicationTests" tests="1" skipped="0" failures="0" errors="0" timestamp="2021-07-29T02:53:46" hostname="MacBook-Air-de-Maiara.local" time="0.34">
  <properties/>
  <testcase name="contextLoads()" classname="digitalbank.DigitalBankApplicationTests" time="0.34"/>
  <system-out><![CDATA[23:53:39.600 [Test worker] DEBUG org.springframework.test.context.BootstrapUtils - Instantiating CacheAwareContextLoaderDelegate from class [org.springframework.test.context.cache.DefaultCacheAwareContextLoaderDelegate]
23:53:39.625 [Test worker] DEBUG org.springframework.test.context.BootstrapUtils - Instantiating BootstrapContext using constructor [public org.springframework.test.context.support.DefaultBootstrapContext(java.lang.Class,org.springframework.test.context.CacheAwareContextLoaderDelegate)]
23:53:39.674 [Test worker] DEBUG org.springframework.test.context.BootstrapUtils - Instantiating TestContextBootstrapper for test class [digitalbank.DigitalBankApplicationTests] from class [org.springframework.boot.test.context.SpringBootTestContextBootstrapper]
23:53:39.687 [Test worker] INFO org.springframework.boot.test.context.SpringBootTestContextBootstrapper - Neither @ContextConfiguration nor @ContextHierarchy found for test class [digitalbank.DigitalBankApplicationTests], using SpringBootContextLoader
23:53:39.691 [Test worker] DEBUG org.springframework.test.context.support.AbstractContextLoader - Did not detect default resource location for test class [digitalbank.DigitalBankApplicationTests]: class path resource [digitalbank/DigitalBankApplicationTests-context.xml] does not exist
23:53:39.692 [Test worker] DEBUG org.springframework.test.context.support.AbstractContextLoader - Did not detect default resource location for test class [digitalbank.DigitalBankApplicationTests]: class path resource [digitalbank/DigitalBankApplicationTestsContext.groovy] does not exist
23:53:39.692 [Test worker] INFO org.springframework.test.context.support.AbstractContextLoader - Could not detect default resource locations for test class [digitalbank.DigitalBankApplicationTests]: no resource found for suffixes {-context.xml, Context.groovy}.
23:53:39.693 [Test worker] INFO org.springframework.test.context.support.AnnotationConfigContextLoaderUtils - Could not detect default configuration classes for test class [digitalbank.DigitalBankApplicationTests]: DigitalBankApplicationTests does not declare any static, non-private, non-final, nested classes annotated with @Configuration.
23:53:39.760 [Test worker] DEBUG org.springframework.test.context.support.ActiveProfilesUtils - Could not find an 'annotation declaring class' for annotation type [org.springframework.test.context.ActiveProfiles] and class [digitalbank.DigitalBankApplicationTests]
23:53:39.829 [Test worker] DEBUG org.springframework.context.annotation.ClassPathScanningCandidateComponentProvider - Identified candidate component class: file [/Users/maiaramendes/digital-bank/build/classes/java/main/digitalbank/DigitalBankApplication.class]
23:53:39.832 [Test worker] INFO org.springframework.boot.test.context.SpringBootTestContextBootstrapper - Found @SpringBootConfiguration digitalbank.DigitalBankApplication for test class digitalbank.DigitalBankApplicationTests
23:53:39.922 [Test worker] DEBUG org.springframework.boot.test.context.SpringBootTestContextBootstrapper - @TestExecutionListeners is not present for class [digitalbank.DigitalBankApplicationTests]: using defaults.
23:53:39.923 [Test worker] INFO org.springframework.boot.test.context.SpringBootTestContextBootstrapper - Loaded default TestExecutionListener class names from location [META-INF/spring.factories]: [org.springframework.security.test.context.support.WithSecurityContextTestExecutionListener, org.springframework.security.test.context.support.ReactorContextTestExecutionListener, org.springframework.boot.test.autoconfigure.restdocs.RestDocsTestExecutionListener, org.springframework.boot.test.autoconfigure.web.client.MockRestServiceServerResetTestExecutionListener, org.springframework.boot.test.autoconfigure.web.servlet.MockMvcPrintOnlyOnFailureTestExecutionListener, org.springframework.boot.test.autoconfigure.web.servlet.WebDriverTestExecutionListener, org.springframework.boot.test.autoconfigure.webservices.client.MockWebServiceServerTestExecutionListener, org.springframework.boot.test.mock.mockito.MockitoTestExecutionListener, org.springframework.boot.test.mock.mockito.ResetMocksTestExecutionListener, org.springframework.test.context.web.ServletTestExecutionListener, org.springframework.test.context.support.DirtiesContextBeforeModesTestExecutionListener, org.springframework.test.context.event.ApplicationEventsTestExecutionListener, org.springframework.test.context.support.DependencyInjectionTestExecutionListener, org.springframework.test.context.support.DirtiesContextTestExecutionListener, org.springframework.test.context.transaction.TransactionalTestExecutionListener, org.springframework.test.context.jdbc.SqlScriptsTestExecutionListener, org.springframework.test.context.event.EventPublishingTestExecutionListener]
23:53:39.936 [Test worker] INFO org.springframework.boot.test.context.SpringBootTestContextBootstrapper - Using TestExecutionListeners: [org.springframework.test.context.web.ServletTestExecutionListener@5a61a126, org.springframework.test.context.support.DirtiesContextBeforeModesTestExecutionListener@6d07e8b4, org.springframework.test.context.event.ApplicationEventsTestExecutionListener@6147ef2b, org.springframework.boot.test.mock.mockito.MockitoTestExecutionListener@614849f6, org.springframework.boot.test.autoconfigure.SpringBootDependencyInjectionTestExecutionListener@3677bc68, org.springframework.test.context.support.DirtiesContextTestExecutionListener@6467b05a, org.springframework.test.context.transaction.TransactionalTestExecutionListener@3a07354a, org.springframework.test.context.jdbc.SqlScriptsTestExecutionListener@1923cc05, org.springframework.security.test.context.support.WithSecurityContextTestExecutionListener@123ca7b5, org.springframework.test.context.event.EventPublishingTestExecutionListener@4b8030c8, org.springframework.security.test.context.support.ReactorContextTestExecutionListener@482ee197, org.springframework.boot.test.autoconfigure.restdocs.RestDocsTestExecutionListener@4f6a5f73, org.springframework.boot.test.autoconfigure.web.client.MockRestServiceServerResetTestExecutionListener@381c4824, org.springframework.boot.test.autoconfigure.web.servlet.MockMvcPrintOnlyOnFailureTestExecutionListener@72d0299f, org.springframework.boot.test.autoconfigure.web.servlet.WebDriverTestExecutionListener@4d4d5c0b, org.springframework.boot.test.autoconfigure.webservices.client.MockWebServiceServerTestExecutionListener@50411316, org.springframework.boot.test.mock.mockito.ResetMocksTestExecutionListener@a462c52]
23:53:39.938 [Test worker] DEBUG org.springframework.test.context.support.AbstractDirtiesContextTestExecutionListener - Before test class: context [DefaultTestContext@3e874f6e testClass = DigitalBankApplicationTests, testInstance = [null], testMethod = [null], testException = [null], mergedContextConfiguration = [WebMergedContextConfiguration@3e284587 testClass = DigitalBankApplicationTests, locations = '{}', classes = '{class digitalbank.DigitalBankApplication}', contextInitializerClasses = '[]', activeProfiles = '{}', propertySourceLocations = '{}', propertySourceProperties = '{org.springframework.boot.test.context.SpringBootTestContextBootstrapper=true}', contextCustomizers = set[org.springframework.boot.test.autoconfigure.actuate.metrics.MetricsExportContextCustomizerFactory$DisableMetricExportContextCustomizer@68b92154, org.springframework.boot.test.autoconfigure.properties.PropertyMappingContextCustomizer@0, org.springframework.boot.test.autoconfigure.web.servlet.WebDriverContextCustomizerFactory$Customizer@6df24635, org.springframework.boot.test.context.filter.ExcludeFilterContextCustomizer@1f8646a1, org.springframework.boot.test.json.DuplicateJsonObjectContextCustomizerFactory$DuplicateJsonObjectContextCustomizer@514b36f3, org.springframework.boot.test.mock.mockito.MockitoContextCustomizer@0, org.springframework.boot.test.web.client.TestRestTemplateContextCustomizer@469247be, org.springframework.boot.test.context.SpringBootTestArgs@1, org.springframework.boot.test.context.SpringBootTestWebEnvironment@4a82897a], resourceBasePath = 'src/main/webapp', contextLoader = 'org.springframework.boot.test.context.SpringBootContextLoader', parent = [null]], attributes = map['org.springframework.test.context.web.ServletTestExecutionListener.activateListener' -> true]], class annotated with @DirtiesContext [false] with mode [null].
23:53:39.991 [Test worker] DEBUG org.springframework.test.context.support.TestPropertySourceUtils - Adding inlined properties to environment: {spring.jmx.enabled=false, org.springframework.boot.test.context.SpringBootTestContextBootstrapper=true}

  .   ____          _            __ _ _
 /\\ / ___'_ __ _ _(_)_ __  __ _ \ \ \ \
( ( )\___ | '_ | '_| | '_ \/ _` | \ \ \ \
 \\/  ___)| |_)| | | | | || (_| |  ) ) ) )
  '  |____| .__|_| |_|_| |_\__, | / / / /
 =========|_|==============|___/=/_/_/_/
 :: Spring Boot ::                (v2.5.3)

2021-07-28 23:53:40.343  INFO 8354 --- [    Test worker] digitalbank.DigitalBankApplicationTests  : Starting DigitalBankApplicationTests using Java 16.0.1 on MacBook-Air-de-Maiara.local with PID 8354 (started by maiaramendes in /Users/maiaramendes/digital-bank)
2021-07-28 23:53:40.350  INFO 8354 --- [    Test worker] digitalbank.DigitalBankApplicationTests  : No active profile set, falling back to default profiles: default
2021-07-28 23:53:41.571  INFO 8354 --- [    Test worker] .s.d.r.c.RepositoryConfigurationDelegate : Bootstrapping Spring Data JPA repositories in DEFAULT mode.
2021-07-28 23:53:41.591  INFO 8354 --- [    Test worker] .s.d.r.c.RepositoryConfigurationDelegate : Finished Spring Data repository scanning in 12 ms. Found 0 JPA repository interfaces.
2021-07-28 23:53:42.660  INFO 8354 --- [    Test worker] com.zaxxer.hikari.HikariDataSource       : HikariPool-1 - Starting...
2021-07-28 23:53:42.828  INFO 8354 --- [    Test worker] com.zaxxer.hikari.HikariDataSource       : HikariPool-1 - Start completed.
2021-07-28 23:53:42.944  INFO 8354 --- [    Test worker] o.hibernate.jpa.internal.util.LogHelper  : HHH000204: Processing PersistenceUnitInfo [name: default]
2021-07-28 23:53:42.983  INFO 8354 --- [    Test worker] org.hibernate.Version                    : HHH000412: Hibernate ORM core version 5.4.32.Final
2021-07-28 23:53:43.159  INFO 8354 --- [    Test worker] o.hibernate.annotations.common.Version   : HCANN000001: Hibernate Commons Annotations {5.1.2.Final}
2021-07-28 23:53:43.273  INFO 8354 --- [    Test worker] org.hibernate.dialect.Dialect            : HHH000400: Using dialect: org.hibernate.dialect.H2Dialect
2021-07-28 23:53:43.479  INFO 8354 --- [    Test worker] o.h.e.t.j.p.i.JtaPlatformInitiator       : HHH000490: Using JtaPlatform implementation: [org.hibernate.engine.transaction.jta.platform.internal.NoJtaPlatform]
2021-07-28 23:53:43.490  INFO 8354 --- [    Test worker] j.LocalContainerEntityManagerFactoryBean : Initialized JPA EntityManagerFactory for persistence unit 'default'
2021-07-28 23:53:43.928  WARN 8354 --- [    Test worker] JpaBaseConfiguration$JpaWebConfiguration : spring.jpa.open-in-view is enabled by default. Therefore, database queries may be performed during view rendering. Explicitly configure spring.jpa.open-in-view to disable this warning
2021-07-28 23:53:45.815  INFO 8354 --- [    Test worker] .s.s.UserDetailsServiceAutoConfiguration : 

Using generated security password: 1439cbcc-2950-4f4c-bce7-44431a946bb5

2021-07-28 23:53:46.157  INFO 8354 --- [    Test worker] o.s.s.web.DefaultSecurityFilterChain     : Will secure any request with [org.springframework.security.web.context.request.async.WebAsyncManagerIntegrationFilter@6f7f1aee, org.springframework.security.web.context.SecurityContextPersistenceFilter@2b7be7c5, org.springframework.security.web.header.HeaderWriterFilter@462f6641, org.springframework.security.web.csrf.CsrfFilter@5164f6b3, org.springframework.security.web.authentication.logout.LogoutFilter@63b898fa, org.springframework.security.web.authentication.UsernamePasswordAuthenticationFilter@725f1ebb, org.springframework.security.web.authentication.ui.DefaultLoginPageGeneratingFilter@68ecf73, org.springframework.security.web.authentication.ui.DefaultLogoutPageGeneratingFilter@5fce990, org.springframework.security.web.authentication.www.BasicAuthenticationFilter@3983ff3, org.springframework.security.web.savedrequest.RequestCacheAwareFilter@339e9890, org.springframework.security.web.servletapi.SecurityContextHolderAwareRequestFilter@59bc1a4a, org.springframework.security.web.authentication.AnonymousAuthenticationFilter@47d9397b, org.springframework.security.web.session.SessionManagementFilter@4baee806, org.springframework.security.web.access.ExceptionTranslationFilter@43a4eab9, org.springframework.security.web.access.intercept.FilterSecurityInterceptor@19da2485]
2021-07-28 23:53:46.373  INFO 8354 --- [    Test worker] digitalbank.DigitalBankApplicationTests  : Started DigitalBankApplicationTests in 6.374 seconds (JVM running for 7.823)
]]></system-out>
  <system-err><![CDATA[]]></system-err>
</testsuite>
